\\cs1\cs_classdata\357\old_2017\session_16_skycube\opengl_skycube_with_oo_objects_first_person_view\debug\vc141.pdb
\\cs1\cs_classdata\357\old_2017\session_16_skycube\opengl_skycube_with_oo_objects_first_person_view\debug\vc141.idb
\\cs1\cs_classdata\357\old_2017\session_16_skycube\opengl_skycube_with_oo_objects_first_person_view\debug\myloadbitmap.obj
\\cs1\cs_classdata\357\old_2017\session_16_skycube\opengl_skycube_with_oo_objects_first_person_view\debug\main.obj
\\cs1\cs_classdata\357\old_2017\session_16_skycube\opengl_skycube_with_oo_objects_first_person_view\debug\loadbitmap.obj
\\cs1\cs_classdata\357\old_2017\session_16_skycube\opengl_skycube_with_oo_objects_first_person_view\debug\initshader.obj
z:\cs-357-1-compgraphics\midterm project\debug\main.obj
z:\cs-357-1-compgraphics\midterm project\debug\myloadbitmap.obj
z:\cs-357-1-compgraphics\midterm project\debug\loadbitmap.obj
z:\cs-357-1-compgraphics\midterm project\debug\initshader.obj
z:\cs-357-1-compgraphics\midterm project\debug\vc141.pdb
\\cs1\cs_classdata\357\old_2017\session_16_skycube\opengl_skycube_with_oo_objects_first_person_view\debug\ex14_01_skycube.ilk
\\cs1\cs_classdata\357\old_2017\session_16_skycube\opengl_skycube_with_oo_objects_first_person_view\debug\ex14_01_skycube.exe
\\cs1\cs_classdata\357\old_2017\session_16_skycube\opengl_skycube_with_oo_objects_first_person_view\debug\ex14_01_skycube.pdb
z:\cs-357-1-compgraphics\midterm project\debug\ex14_01_skycube.exe
z:\cs-357-1-compgraphics\midterm project\debug\ex14_01_skycube.ilk
z:\cs-357-1-compgraphics\midterm project\debug\ex14_01_skycube.pdb
z:\cs-357-1-compgraphics\graphicsgame\debug\initshader.obj
z:\cs-357-1-compgraphics\graphicsgame\debug\loadbitmap.obj
z:\cs-357-1-compgraphics\graphicsgame\debug\main.obj
z:\cs-357-1-compgraphics\graphicsgame\debug\myloadbitmap.obj
z:\cs-357-1-compgraphics\graphicsgame\debug\ex14_01_skycube.ilk
z:\cs-357-1-compgraphics\graphicsgame\debug\vc141.idb
z:\cs-357-1-compgraphics\graphicsgame\debug\ex14_01_skycube.pdb
z:\cs-357-1-compgraphics\graphicsgame\debug\vc141.pdb
z:\cs-357-1-compgraphics\graphicsgame\debug\ex14_01_skycube.exe
z:\cs-357-1-compgraphics\graphicsgame\debug\ex14_01_skycube.tlog\cl.command.1.tlog
z:\cs-357-1-compgraphics\graphicsgame\debug\ex14_01_skycube.tlog\cl.read.1.tlog
z:\cs-357-1-compgraphics\graphicsgame\debug\ex14_01_skycube.tlog\cl.write.1.tlog
z:\cs-357-1-compgraphics\graphicsgame\debug\ex14_01_skycube.tlog\link.command.1.tlog
z:\cs-357-1-compgraphics\graphicsgame\debug\ex14_01_skycube.tlog\link.read.1.tlog
z:\cs-357-1-compgraphics\graphicsgame\debug\ex14_01_skycube.tlog\link.write.1.tlog
